<?xml version="1.0" encoding="UTF-8"?>
<testsuite name="models.TaskTest" tests="11" skipped="0" failures="0" errors="0" timestamp="2026-04-09T07:50:31" hostname="lemonsthedev" time="0.23">
  <properties/>
  <testcase name="TaskInstantiatesWithDescription_true()" classname="models.TaskTest" time="0.1"/>
  <testcase name="tasksInstantiateWithId()" classname="models.TaskTest" time="0.007"/>
  <testcase name="updateChangesTaskContent()" classname="models.TaskTest" time="0.008"/>
  <testcase name="isCompletedPropertyIsFalseAfterInstantiation()" classname="models.TaskTest" time="0.005"/>
  <testcase name="NewTaskObjectGetsCorrectlyCreated_true()" classname="models.TaskTest" time="0.008"/>
  <testcase name="AllTasksAreCorrectlyReturned_true()" classname="models.TaskTest" time="0.007"/>
  <testcase name="findReturnsCorrectTask()" classname="models.TaskTest" time="0.005"/>
  <testcase name="getCreatedAtInstantiatesWithCurrentTimeToday()" classname="models.TaskTest" time="0.009"/>
  <testcase name="deleteDeletesASpecificTask()" classname="models.TaskTest" time="0.006"/>
  <testcase name="findReturnsCorrectTaskWhenMoreThanOneTaskExists()" classname="models.TaskTest" time="0.006"/>
  <testcase name="AllTasksContainsAllTasks_true()" classname="models.TaskTest" time="0.008"/>
  <system-out><![CDATA[]]></system-out>
  <system-err><![CDATA[]]></system-err>
</testsuite>
